Choesin_version/app/build/intermediates/manifest_merge_blame_file/debug/processDebugMainManifest/manifest-merger-blame-debug-report.txt
1<?xml version="1.0" encoding="utf-8"?>
2<manifest xmlns:android="http://schemas.android.com/apk/res/android"
3    package="com.example.smishingdetector"
4    android:versionCode="1"
5    android:versionName="1.0" >
6
7    <uses-sdk
8        android:minSdkVersion="24"
9        android:targetSdkVersion="35" />
10
11    <!-- ✅ 필수 권한 -->
12    <uses-permission android:name="android.permission.RECEIVE_SMS" />
12-->src\main\AndroidManifest.xml:7:5-70
12-->src\main\AndroidManifest.xml:7:22-67
13    <uses-permission android:name="android.permission.RECEIVE_MMS" />
13-->src\main\AndroidManifest.xml:8:5-70
13-->src\main\AndroidManifest.xml:8:22-67
14    <uses-permission android:name="android.permission.RECEIVE_WAP_PUSH" />
14-->src\main\AndroidManifest.xml:9:5-75
14-->src\main\AndroidManifest.xml:9:22-72
15    <uses-permission android:name="android.permission.READ_SMS" />
15-->src\main\AndroidManifest.xml:10:5-67
15-->src\main\AndroidManifest.xml:10:22-64
16    <uses-permission android:name="android.permission.SEND_SMS" />
16-->src\main\AndroidManifest.xml:11:5-67
16-->src\main\AndroidManifest.xml:11:22-64
17    <uses-permission android:name="android.permission.READ_PHONE_STATE" />
17-->src\main\AndroidManifest.xml:12:5-75
17-->src\main\AndroidManifest.xml:12:22-72
18    <uses-permission android:name="android.permission.INTERNET" />
18-->src\main\AndroidManifest.xml:13:5-67
18-->src\main\AndroidManifest.xml:13:22-64
19
20    <!-- ✅ 전화 기능 필수 설정 -->
21    <uses-feature
21-->src\main\AndroidManifest.xml:16:5-87
22        android:name="android.hardware.telephony"
22-->src\main\AndroidManifest.xml:16:19-60
23        android:required="true" />
23-->src\main\AndroidManifest.xml:16:61-84
24
25    <permission
25-->[androidx.core:core:1.16.0] AndroidManifest.xml:22:5-24:47
26        android:name="com.example.smishingdetector.DYNAMIC_RECEIVER_NOT_EXPORTED_PERMISSION"
26-->[androidx.core:core:1.16.0] AndroidManifest.xml:23:9-81
27        android:protectionLevel="signature" />
27-->[androidx.core:core:1.16.0] AndroidManifest.xml:24:9-44
28
29    <uses-permission android:name="com.example.smishingdetector.DYNAMIC_RECEIVER_NOT_EXPORTED_PERMISSION" />
29-->[androidx.core:core:1.16.0] AndroidManifest.xml:26:5-97
29-->[androidx.core:core:1.16.0] AndroidManifest.xml:26:22-94
30
31    <application
31-->src\main\AndroidManifest.xml:18:5-66:19
32        android:allowBackup="true"
32-->src\main\AndroidManifest.xml:19:9-35
33        android:appComponentFactory="androidx.core.app.CoreComponentFactory"
33-->[androidx.core:core:1.16.0] AndroidManifest.xml:28:18-86
34        android:debuggable="true"
35        android:extractNativeLibs="false"
36        android:icon="@mipmap/ic_launcher"
36-->src\main\AndroidManifest.xml:20:9-43
37        android:label="@string/app_name"
37-->src\main\AndroidManifest.xml:21:9-41
38        android:networkSecurityConfig="@xml/network_security_config"
38-->src\main\AndroidManifest.xml:25:9-69
39        android:roundIcon="@mipmap/ic_launcher_round"
39-->src\main\AndroidManifest.xml:22:9-54
40        android:supportsRtl="true"
40-->src\main\AndroidManifest.xml:23:9-35
41        android:testOnly="true"
42        android:theme="@style/Theme.Smishingdetector"
42-->src\main\AndroidManifest.xml:24:9-54
43        android:usesCleartextTraffic="true" >
43-->src\main\AndroidManifest.xml:26:9-44
44
45        <!-- ✅ SMS 수신 리시버 -->
46        <receiver
46-->src\main\AndroidManifest.xml:30:9-36:20
47            android:name="com.example.smishingdetector.SmsReceiver"
47-->src\main\AndroidManifest.xml:31:13-40
48            android:exported="true" >
48-->src\main\AndroidManifest.xml:32:13-36
49            <intent-filter>
49-->src\main\AndroidManifest.xml:33:13-35:29
50                <action android:name="android.provider.Telephony.SMS_RECEIVED" />
50-->src\main\AndroidManifest.xml:34:17-82
50-->src\main\AndroidManifest.xml:34:25-79
51            </intent-filter>
52        </receiver>
53
54        <!-- ✅ MMS 수신 리시버 -->
55        <receiver
55-->src\main\AndroidManifest.xml:39:9-46:20
56            android:name="com.example.smishingdetector.MmsReceiver"
56-->src\main\AndroidManifest.xml:40:13-40
57            android:exported="true" >
57-->src\main\AndroidManifest.xml:41:13-36
58            <intent-filter>
58-->src\main\AndroidManifest.xml:42:13-45:29
59                <action android:name="android.provider.Telephony.WAP_PUSH_RECEIVED" />
59-->src\main\AndroidManifest.xml:43:17-87
59-->src\main\AndroidManifest.xml:43:25-84
60
61                <data android:mimeType="application/vnd.wap.mms-message" />
61-->src\main\AndroidManifest.xml:44:17-76
61-->src\main\AndroidManifest.xml:44:23-73
62            </intent-filter>
63        </receiver>
64
65        <!-- ✅ 메인 액티비티 -->
66        <activity
66-->src\main\AndroidManifest.xml:49:9-58:20
67            android:name="com.example.smishingdetector.MainActivity"
67-->src\main\AndroidManifest.xml:50:13-41
68            android:exported="true"
68-->src\main\AndroidManifest.xml:51:13-36
69            android:label="@string/app_name"
69-->src\main\AndroidManifest.xml:52:13-45
70            android:theme="@style/Theme.Smishingdetector" >
70-->src\main\AndroidManifest.xml:53:13-58
71            <intent-filter>
71-->src\main\AndroidManifest.xml:54:13-57:29
72                <action android:name="android.intent.action.MAIN" />
72-->src\main\AndroidManifest.xml:55:17-69
72-->src\main\AndroidManifest.xml:55:25-66
73
74                <category android:name="android.intent.category.LAUNCHER" />
74-->src\main\AndroidManifest.xml:56:17-77
74-->src\main\AndroidManifest.xml:56:27-74
75            </intent-filter>
76        </activity>
77
78        <!-- ✅ ✨ 투명 팝업 액티비티 추가 -->
79        <activity
79-->src\main\AndroidManifest.xml:61:9-64:67
80            android:name="com.example.smishingdetector.SmishingPopupActivity"
80-->src\main\AndroidManifest.xml:62:13-50
81            android:exported="true"
81-->src\main\AndroidManifest.xml:63:13-36
82            android:theme="@style/Theme.App.Dialog.Transparent" />
82-->src\main\AndroidManifest.xml:64:13-64
83        <activity
83-->[androidx.compose.ui:ui-test-manifest:1.7.8] AndroidManifest.xml:23:9-25:39
84            android:name="androidx.activity.ComponentActivity"
84-->[androidx.compose.ui:ui-test-manifest:1.7.8] AndroidManifest.xml:24:13-63
85            android:exported="true" />
85-->[androidx.compose.ui:ui-test-manifest:1.7.8] AndroidManifest.xml:25:13-36
86        <activity
86-->[androidx.compose.ui:ui-tooling-android:1.7.8] AndroidManifest.xml:23:9-25:39
87            android:name="androidx.compose.ui.tooling.PreviewActivity"
87-->[androidx.compose.ui:ui-tooling-android:1.7.8] AndroidManifest.xml:24:13-71
88            android:exported="true" />
88-->[androidx.compose.ui:ui-tooling-android:1.7.8] AndroidManifest.xml:25:13-36
89
90        <provider
90-->[androidx.emoji2:emoji2:1.3.0] AndroidManifest.xml:24:9-32:20
91            android:name="androidx.startup.InitializationProvider"
91-->[androidx.emoji2:emoji2:1.3.0] AndroidManifest.xml:25:13-67
92            android:authorities="com.example.smishingdetector.androidx-startup"
92-->[androidx.emoji2:emoji2:1.3.0] AndroidManifest.xml:26:13-68
93            android:exported="false" >
93-->[androidx.emoji2:emoji2:1.3.0] AndroidManifest.xml:27:13-37
94            <meta-data
94-->[androidx.emoji2:emoji2:1.3.0] AndroidManifest.xml:29:13-31:52
95                android:name="androidx.emoji2.text.EmojiCompatInitializer"
95-->[androidx.emoji2:emoji2:1.3.0] AndroidManifest.xml:30:17-75
96                android:value="androidx.startup" />
96-->[androidx.emoji2:emoji2:1.3.0] AndroidManifest.xml:31:17-49
97            <meta-data
97-->[androidx.lifecycle:lifecycle-process:2.9.0] AndroidManifest.xml:29:13-31:52
98                android:name="androidx.lifecycle.ProcessLifecycleInitializer"
98-->[androidx.lifecycle:lifecycle-process:2.9.0] AndroidManifest.xml:30:17-78
99                android:value="androidx.startup" />
99-->[androidx.lifecycle:lifecycle-process:2.9.0] AndroidManifest.xml:31:17-49
100            <meta-data
100-->[androidx.profileinstaller:profileinstaller:1.4.0] AndroidManifest.xml:29:13-31:52
101                android:name="androidx.profileinstaller.ProfileInstallerInitializer"
101-->[androidx.profileinstaller:profileinstaller:1.4.0] AndroidManifest.xml:30:17-85
102                android:value="androidx.startup" />
102-->[androidx.profileinstaller:profileinstaller:1.4.0] AndroidManifest.xml:31:17-49
103        </provider>
104
105        <receiver
105-->[androidx.profileinstaller:profileinstaller:1.4.0] AndroidManifest.xml:34:9-52:20
106            android:name="androidx.profileinstaller.ProfileInstallReceiver"
106-->[androidx.profileinstaller:profileinstaller:1.4.0] AndroidManifest.xml:35:13-76
107            android:directBootAware="false"
107-->[androidx.profileinstaller:profileinstaller:1.4.0] AndroidManifest.xml:36:13-44
108            android:enabled="true"
108-->[androidx.profileinstaller:profileinstaller:1.4.0] AndroidManifest.xml:37:13-35
109            android:exported="true"
109-->[androidx.profileinstaller:profileinstaller:1.4.0] AndroidManifest.xml:38:13-36
110            android:permission="android.permission.DUMP" >
110-->[androidx.profileinstaller:profileinstaller:1.4.0] AndroidManifest.xml:39:13-57
111            <intent-filter>
111-->[androidx.profileinstaller:profileinstaller:1.4.0] AndroidManifest.xml:40:13-42:29
112                <action android:name="androidx.profileinstaller.action.INSTALL_PROFILE" />
112-->[androidx.profileinstaller:profileinstaller:1.4.0] AndroidManifest.xml:41:17-91
112-->[androidx.profileinstaller:profileinstaller:1.4.0] AndroidManifest.xml:41:25-88
113            </intent-filter>
114            <intent-filter>
114-->[androidx.profileinstaller:profileinstaller:1.4.0] AndroidManifest.xml:43:13-45:29
115                <action android:name="androidx.profileinstaller.action.SKIP_FILE" />
115-->[androidx.profileinstaller:profileinstaller:1.4.0] AndroidManifest.xml:44:17-85
115-->[androidx.profileinstaller:profileinstaller:1.4.0] AndroidManifest.xml:44:25-82
116            </intent-filter>
117            <intent-filter>
117-->[androidx.profileinstaller:profileinstaller:1.4.0] AndroidManifest.xml:46:13-48:29
118                <action android:name="androidx.profileinstaller.action.SAVE_PROFILE" />
118-->[androidx.profileinstaller:profileinstaller:1.4.0] AndroidManifest.xml:47:17-88
118-->[androidx.profileinstaller:profileinstaller:1.4.0] AndroidManifest.xml:47:25-85
119            </intent-filter>
120            <intent-filter>
120-->[androidx.profileinstaller:profileinstaller:1.4.0] AndroidManifest.xml:49:13-51:29
121                <action android:name="androidx.profileinstaller.action.BENCHMARK_OPERATION" />
121-->[androidx.profileinstaller:profileinstaller:1.4.0] AndroidManifest.xml:50:17-95
121-->[androidx.profileinstaller:profileinstaller:1.4.0] AndroidManifest.xml:50:25-92
122            </intent-filter>
123        </receiver>
124    </application>
125
126</manifest>